[debug] > Exec(early(addDefaultCommands), None, None)
[debug] > Exec(addDefaultCommands, None, None)
[debug] > Exec(early(initialize), None, None)
[debug] > Exec(initialize, None, None)
[debug] > Exec(boot, None, None)
[debug] > Exec(writeSbtVersion, None, None)
[debug] > Exec(reload, None, None)
[debug] > Exec(sbtStashOnFailure, None, None)
[debug] > Exec(onFailure loadFailed, None, None)
[debug] > Exec(loadp, None, None)
[info] welcome to sbt 1.12.9 (Eclipse Adoptium Java 17.0.12)
[debug] Load.defaultLoad until apply took 366.4698ms
[debug]           Load.loadUnit: plugins took 285.0358ms
[debug]           Load.loadUnit: defsScala took 0.7763ms
[debug] [Loading] Scanning directory C:\Users\akric\OneDrive\Desktop\weather_image_rec\microservice1\project
[debug] [Loading] Found non-root projects 
[debug] [Loading] Done in C:\Users\akric\OneDrive\Desktop\weather_image_rec\microservice1\project, returning: ()
[debug] deducing auto plugins based on known facts Set(Atom(sbt.plugins.CorePlugin)) and clauses Clauses(Clause(Atom(sbt.plugins.JvmPlugin),Set(Atom(sbt.plugins.IvyPlugin)))
[debug] Clause(Atom(sbt.ScriptedPlugin),Set(Atom(sbt.plugins.JvmPlugin)))
[debug] Clause(Atom(sbt.plugins.SbtPlugin),Set(Atom(sbt.ScriptedPlugin)))
[debug] Clause(Atom(sbt.plugins.SemanticdbPlugin),Set(Atom(sbt.plugins.JvmPlugin)))
[debug] Clause(Atom(sbt.plugins.JUnitXmlReportPlugin),Set(Atom(sbt.plugins.JvmPlugin)))
[debug] Clause(Atom(sbt.plugins.MiniDependencyTreePlugin),Set(Atom(sbt.plugins.JvmPlugin)))
[debug] Clause(Atom(sbt.plugins.CorePlugin),Set(Atom(sbt.plugins.IvyPlugin)))
[debug] Clause(Atom(sbt.plugins.IvyPlugin),Set(Atom(sbt.plugins.JvmPlugin)))
[debug] Clause(Atom(sbt.plugins.JvmPlugin),Set(Atom(sbt.plugins.SemanticdbPlugin)))
[debug] Clause(Atom(sbt.plugins.JvmPlugin),Set(Atom(sbt.plugins.JUnitXmlReportPlugin)))
[debug] Clause(Atom(sbt.plugins.CorePlugin),Set(Atom(sbt.plugins.Giter8TemplatePlugin)))
[debug] Clause(Atom(sbt.plugins.JvmPlugin),Set(Atom(sbt.plugins.MiniDependencyTreePlugin))))
[debug]   :: deduced result: Matched(sbt.plugins.CorePlugin,sbt.plugins.Giter8TemplatePlugin,sbt.plugins.IvyPlugin,sbt.plugins.JvmPlugin,sbt.plugins.MiniDependencyTreePlugin,sbt.plugins.JUnitXmlReportPlugin,sbt.plugins.SemanticdbPlugin)
[debug] Plugins.deducer#function took 103.5609 ms
[debug]               Load.resolveProject(microservice1-build) took 148.5648ms
[debug]             Load.loadTransitive: finalizeProject(Project(id microservice1-build, base: C:\Users\akric\OneDrive\Desktop\weather_image_rec\microservice1\project, plugins: List(<none>))) took 326.5805ms
[debug] [Loading] Done in C:\Users\akric\OneDrive\Desktop\weather_image_rec\microservice1\project, returning: (microservice1-build)
[debug]           Load.loadUnit: loadedProjectsRaw took 396.502ms
[debug]           Load.loadUnit: cleanEvalClasses took 0.7984ms
[debug]         Load.loadUnit(file:/C:/Users/akric/OneDrive/Desktop/weather_image_rec/microservice1/project/, ...) took 703.1017ms
[debug]       Load.apply: load took 1363.5646ms
[debug]       Load.apply: resolveProjects took 20.8581ms
[debug]       Load.apply: finalTransforms took 231.2091ms
[debug]       Load.apply: config.delegates took 32.7772ms
[debug]       Load.apply: Def.make(settings)... took 1184.1181ms
[debug]       Load.apply: structureIndex took 293.6381ms
[debug]       Load.apply: mkStreams took 6.282ms
[info] loading project definition from C:\Users\akric\OneDrive\Desktop\weather_image_rec\microservice1\project
[debug] Running task... Cancel: Signal, check cycles: false, forcegc: true
[debug]     Load.loadUnit: plugins took 5534.9467ms
[debug]     Load.loadUnit: defsScala took 0.0678ms
[debug] [Loading] Scanning directory C:\Users\akric\OneDrive\Desktop\weather_image_rec\microservice1
[debug]       Load.loadUnit: mkEval took 16.5782ms
[debug] [Loading] Found root project root w/ remaining 
[debug] deducing auto plugins based on known facts Set(Atom(sbt.plugins.CorePlugin)) and clauses Clauses(Clause(Atom(sbt.plugins.JvmPlugin),Set(Atom(sbt.plugins.IvyPlugin)))
[debug] Clause(Atom(sbt.ScriptedPlugin),Set(Atom(sbt.plugins.JvmPlugin)))
[debug] Clause(Atom(sbt.plugins.SbtPlugin),Set(Atom(sbt.ScriptedPlugin)))
[debug] Clause(Atom(sbt.plugins.SemanticdbPlugin),Set(Atom(sbt.plugins.JvmPlugin)))
[debug] Clause(Atom(sbt.plugins.JUnitXmlReportPlugin),Set(Atom(sbt.plugins.JvmPlugin)))
[debug] Clause(Atom(sbt.plugins.MiniDependencyTreePlugin),Set(Atom(sbt.plugins.JvmPlugin)))
[debug] Clause(Atom(sbt.plugins.CorePlugin),Set(Atom(sbt.plugins.IvyPlugin)))
[debug] Clause(Atom(sbt.plugins.IvyPlugin),Set(Atom(sbt.plugins.JvmPlugin)))
[debug] Clause(Atom(sbt.plugins.JvmPlugin),Set(Atom(sbt.plugins.SemanticdbPlugin)))
[debug] Clause(Atom(sbt.plugins.JvmPlugin),Set(Atom(sbt.plugins.JUnitXmlReportPlugin)))
[debug] Clause(Atom(sbt.plugins.CorePlugin),Set(Atom(sbt.plugins.Giter8TemplatePlugin)))
[debug] Clause(Atom(sbt.plugins.JvmPlugin),Set(Atom(sbt.plugins.MiniDependencyTreePlugin))))
[debug]   :: deduced result: Matched(sbt.plugins.CorePlugin,sbt.plugins.Giter8TemplatePlugin,sbt.plugins.IvyPlugin,sbt.plugins.JvmPlugin,sbt.plugins.MiniDependencyTreePlugin,sbt.plugins.JUnitXmlReportPlugin,sbt.plugins.SemanticdbPlugin)
[debug] Plugins.deducer#function took 6.8655 ms
[info] loading settings for project root from build.sbt...
[debug]         Load.resolveProject(root) took 8.8822ms
[debug]       Load.loadTransitive: finalizeProject(Project(id root, base: C:\Users\akric\OneDrive\Desktop\weather_image_rec\microservice1, plugins: List(<none>))) took 18.7627ms
[debug] [Loading] Done in C:\Users\akric\OneDrive\Desktop\weather_image_rec\microservice1, returning: (root)
[debug]     Load.loadUnit: loadedProjectsRaw took 7127.9799ms
[debug]     Load.loadUnit: cleanEvalClasses took 67.8176ms
[debug]   Load.loadUnit(file:/C:/Users/akric/OneDrive/Desktop/weather_image_rec/microservice1/, ...) took 12741.1367ms
[debug] Load.apply: load took 12843.2481ms
[debug] Load.apply: resolveProjects took 0.3633ms
[debug] Load.apply: finalTransforms took 48.251ms
[debug] Load.apply: config.delegates took 0.8864ms
[debug] Load.apply: Def.make(settings)... took 203.1953ms
[debug] Load.apply: structureIndex took 70.9393ms
[debug] Load.apply: mkStreams took 0.0032ms
[info] set current project to weather-recognition (in build file:/C:/Users/akric/OneDrive/Desktop/weather_image_rec/microservice1/)
[debug] Running task... Cancel: Signal, check cycles: false, forcegc: true
[debug] > Exec(sbtPopOnFailure, None, None)
[debug] > Exec(resumeFromFailure, None, None)
[debug] > Exec(notifyUsersAboutShell, None, None)
[debug] > Exec(iflast shell, None, None)
[debug] > Exec(shell, None, None)
[info] sbt server started at local:sbt-server-8b63cb68830b587720b5
[debug] Writing bsp connection file
[info] started sbt server
