2026.04.13 21:36:04 INFO  Started: Metals version 1.6.7 in folders 'C:\Users\akric\OneDrive\Desktop\weather_image_rec' for client Visual Studio Code 1.115.0.
2026.04.13 21:36:04 INFO  Memory monitor started
2026.04.13 21:36:07 WARN  Using H2 2.4.240 which is newer than the version Flyway has been verified with. The latest verified version of H2 is 2.3.232.
2026.04.13 21:36:07 INFO  no build target found for C:\Users\akric\OneDrive\Desktop\weather_image_rec\microservice1\build.sbt. Using presentation compiler with project's scala-library version: 3.3.7
2026.04.13 21:36:12 INFO  no build target found for C:\Users\akric\OneDrive\Desktop\weather_image_rec\microservice1\build.sbt. Using presentation compiler with project's scala-library version: 3.3.7
2026.04.13 21:50:34 INFO  no build target found for C:\Users\akric\OneDrive\Desktop\weather_image_rec\microservice1\build.sbt. Using presentation compiler with project's scala-library version: 3.3.7
2026.04.13 22:33:16 INFO  no build target found for C:\Users\akric\OneDrive\Desktop\weather_image_rec\microservice1\build.sbt. Using presentation compiler with project's scala-library version: 3.3.7
2026.04.13 22:33:16 INFO  no build target found for C:\Users\akric\OneDrive\Desktop\weather_image_rec\microservice1\src\main\scala\com\weather\Main.scala. Using presentation compiler with project's scala-library version: 3.3.7
2026.04.13 22:33:18 INFO  no build target found for C:\Users\akric\OneDrive\Desktop\weather_image_rec\microservice1\src\main\scala\com\weather\Main.scala. Using presentation compiler with project's scala-library version: 3.3.7
avr. 13, 2026 10:33:18 PM org.eclipse.lsp4j.jsonrpc.RemoteEndpoint handleCancellation
AVERTISSEMENT: Unmatched cancel notification for request id 13
2026.04.13 22:33:18 INFO  no build target found for C:\Users\akric\OneDrive\Desktop\weather_image_rec\microservice1\src\main\scala\com\weather\Main.scala. Using presentation compiler with project's scala-library version: 3.3.7
2026.04.13 22:33:18 INFO  no build target found for C:\Users\akric\OneDrive\Desktop\weather_image_rec\microservice1\src\main\scala\com\weather\Main.scala. Using presentation compiler with project's scala-library version: 3.3.7
avr. 13, 2026 10:33:18 PM org.eclipse.lsp4j.jsonrpc.RemoteEndpoint handleCancellation
AVERTISSEMENT: Unmatched cancel notification for request id 17
2026.04.13 22:33:18 INFO  no build target found for C:\Users\akric\OneDrive\Desktop\weather_image_rec\microservice1\src\main\scala\com\weather\Main.scala. Using presentation compiler with project's scala-library version: 3.3.7
avr. 13, 2026 10:33:19 PM org.eclipse.lsp4j.jsonrpc.RemoteEndpoint handleCancellation
AVERTISSEMENT: Unmatched cancel notification for request id 20
avr. 13, 2026 10:33:19 PM org.eclipse.lsp4j.jsonrpc.RemoteEndpoint handleCancellation
AVERTISSEMENT: Unmatched cancel notification for request id 21
2026.04.13 22:33:18 INFO  no build target found for C:\Users\akric\OneDrive\Desktop\weather_image_rec\microservice1\src\main\scala\com\weather\Main.scala. Using presentation compiler with project's scala-library version: 3.3.7
avr. 13, 2026 10:33:19 PM org.eclipse.lsp4j.jsonrpc.RemoteEndpoint handleCancellation
AVERTISSEMENT: Unmatched cancel notification for request id 22
2026.04.13 22:33:19 INFO  no build target found for C:\Users\akric\OneDrive\Desktop\weather_image_rec\microservice1\src\main\scala\com\weather\Main.scala. Using presentation compiler with project's scala-library version: 3.3.7
avr. 13, 2026 10:33:19 PM org.eclipse.lsp4j.jsonrpc.RemoteEndpoint handleCancellation
AVERTISSEMENT: Unmatched cancel notification for request id 19
2026.04.13 22:33:19 INFO  no build target found for C:\Users\akric\OneDrive\Desktop\weather_image_rec\microservice1\src\main\scala\com\weather\Main.scala. Using presentation compiler with project's scala-library version: 3.3.7
avr. 13, 2026 10:33:20 PM org.eclipse.lsp4j.jsonrpc.RemoteEndpoint handleCancellation
AVERTISSEMENT: Unmatched cancel notification for request id 25
2026.04.13 22:33:19 INFO  no build target found for C:\Users\akric\OneDrive\Desktop\weather_image_rec\microservice1\src\main\scala\com\weather\Main.scala. Using presentation compiler with project's scala-library version: 3.3.7
2026.04.13 22:33:20 INFO  no build target found for C:\Users\akric\OneDrive\Desktop\weather_image_rec\microservice1\src\main\scala\com\weather\Main.scala. Using presentation compiler with project's scala-library version: 3.3.7
2026.04.13 22:33:20 INFO  no build target found for C:\Users\akric\OneDrive\Desktop\weather_image_rec\microservice1\src\main\scala\com\weather\Main.scala. Using presentation compiler with project's scala-library version: 3.3.7
2026.04.13 22:33:20 WARN  no build target for: C:\Users\akric\OneDrive\Desktop\weather_image_rec\microservice1\src\main\scala\com\weather\Main.scala
2026.04.13 22:33:23 INFO  no build target found for C:\Users\akric\OneDrive\Desktop\weather_image_rec\microservice1\src\main\scala\com\weather\Main.scala. Using presentation compiler with project's scala-library version: 3.3.7
2026.04.13 22:33:29 INFO  no build target found for C:\Users\akric\OneDrive\Desktop\weather_image_rec\microservice1\build.sbt. Using presentation compiler with project's scala-library version: 3.3.7
2026.04.13 22:33:29 INFO  no build target found for C:\Users\akric\OneDrive\Desktop\weather_image_rec\microservice1\build.sbt. Using presentation compiler with project's scala-library version: 3.3.7
2026.04.13 22:33:29 INFO  no build target found for C:\Users\akric\OneDrive\Desktop\weather_image_rec\microservice1\build.sbt. Using presentation compiler with project's scala-library version: 3.3.7
avr. 13, 2026 10:33:29 PM org.eclipse.lsp4j.jsonrpc.RemoteEndpoint handleCancellation
AVERTISSEMENT: Unmatched cancel notification for request id 41
2026.04.13 22:33:29 INFO  no build target found for C:\Users\akric\OneDrive\Desktop\weather_image_rec\microservice1\build.sbt. Using presentation compiler with project's scala-library version: 3.3.7
2026.04.13 22:33:30 INFO  no build target found for C:\Users\akric\OneDrive\Desktop\weather_image_rec\microservice1\build.sbt. Using presentation compiler with project's scala-library version: 3.3.7
2026.04.13 22:33:30 INFO  no build target found for C:\Users\akric\OneDrive\Desktop\weather_image_rec\microservice1\build.sbt. Using presentation compiler with project's scala-library version: 3.3.7
2026.04.13 22:33:30 INFO  no build target found for C:\Users\akric\OneDrive\Desktop\weather_image_rec\microservice1\build.sbt. Using presentation compiler with project's scala-library version: 3.3.7
2026.04.13 22:33:30 INFO  no build target found for C:\Users\akric\OneDrive\Desktop\weather_image_rec\microservice1\build.sbt. Using presentation compiler with project's scala-library version: 3.3.7
2026.04.13 22:33:30 INFO  no build target found for C:\Users\akric\OneDrive\Desktop\weather_image_rec\microservice1\build.sbt. Using presentation compiler with project's scala-library version: 3.3.7
2026.04.13 22:33:31 INFO  no build target found for C:\Users\akric\OneDrive\Desktop\weather_image_rec\microservice1\build.sbt. Using presentation compiler with project's scala-library version: 3.3.7
2026.04.13 22:33:32 INFO  no build target found for C:\Users\akric\OneDrive\Desktop\weather_image_rec\microservice1\build.sbt. Using presentation compiler with project's scala-library version: 3.3.7
2026.04.13 22:33:32 WARN  no build target for: C:\Users\akric\OneDrive\Desktop\weather_image_rec\microservice1\build.sbt
2026.04.13 22:33:32 INFO  no build target found for C:\Users\akric\OneDrive\Desktop\weather_image_rec\microservice1\build.sbt. Using presentation compiler with project's scala-library version: 3.3.7
2026.04.13 22:33:40 INFO  no build target found for C:\Users\akric\OneDrive\Desktop\weather_image_rec\microservice1\src\main\scala\com\weather\parquet\ParquetExporter.scala. Using presentation compiler with project's scala-library version: 3.3.7
avr. 13, 2026 10:33:41 PM org.eclipse.lsp4j.jsonrpc.RemoteEndpoint handleCancellation
AVERTISSEMENT: Unmatched cancel notification for request id 60
2026.04.13 22:33:41 INFO  no build target found for C:\Users\akric\OneDrive\Desktop\weather_image_rec\microservice1\src\main\scala\com\weather\parquet\ParquetExporter.scala. Using presentation compiler with project's scala-library version: 3.3.7
2026.04.13 22:33:40 INFO  no build target found for C:\Users\akric\OneDrive\Desktop\weather_image_rec\microservice1\src\main\scala\com\weather\parquet\ParquetExporter.scala. Using presentation compiler with project's scala-library version: 3.3.7
2026.04.13 22:33:40 INFO  no build target found for C:\Users\akric\OneDrive\Desktop\weather_image_rec\microservice1\src\main\scala\com\weather\parquet\ParquetExporter.scala. Using presentation compiler with project's scala-library version: 3.3.7
2026.04.13 22:33:42 INFO  no build target found for C:\Users\akric\OneDrive\Desktop\weather_image_rec\microservice1\src\main\scala\com\weather\parquet\ParquetExporter.scala. Using presentation compiler with project's scala-library version: 3.3.7
2026.04.13 22:33:42 INFO  no build target found for C:\Users\akric\OneDrive\Desktop\weather_image_rec\microservice1\src\main\scala\com\weather\parquet\ParquetExporter.scala. Using presentation compiler with project's scala-library version: 3.3.7
2026.04.13 22:33:42 INFO  no build target found for C:\Users\akric\OneDrive\Desktop\weather_image_rec\microservice1\src\main\scala\com\weather\parquet\ParquetExporter.scala. Using presentation compiler with project's scala-library version: 3.3.7
2026.04.13 22:33:42 INFO  no build target found for C:\Users\akric\OneDrive\Desktop\weather_image_rec\microservice1\src\main\scala\com\weather\parquet\ParquetExporter.scala. Using presentation compiler with project's scala-library version: 3.3.7
2026.04.13 22:33:42 INFO  no build target found for C:\Users\akric\OneDrive\Desktop\weather_image_rec\microservice1\src\main\scala\com\weather\parquet\ParquetExporter.scala. Using presentation compiler with project's scala-library version: 3.3.7
2026.04.13 22:33:43 INFO  no build target found for C:\Users\akric\OneDrive\Desktop\weather_image_rec\microservice1\src\main\scala\com\weather\parquet\ParquetExporter.scala. Using presentation compiler with project's scala-library version: 3.3.7
2026.04.13 22:33:43 INFO  no build target found for C:\Users\akric\OneDrive\Desktop\weather_image_rec\microservice1\src\main\scala\com\weather\parquet\ParquetExporter.scala. Using presentation compiler with project's scala-library version: 3.3.7
2026.04.13 22:33:43 WARN  no build target for: C:\Users\akric\OneDrive\Desktop\weather_image_rec\microservice1\src\main\scala\com\weather\parquet\ParquetExporter.scala
2026.04.13 22:33:43 INFO  no build target found for C:\Users\akric\OneDrive\Desktop\weather_image_rec\microservice1\src\main\scala\com\weather\parquet\ParquetExporter.scala. Using presentation compiler with project's scala-library version: 3.3.7
2026.04.13 22:33:49 INFO  no build target found for C:\Users\akric\OneDrive\Desktop\weather_image_rec\microservice1\src\main\scala\com\weather\extractor\ImageFileScanner.scala. Using presentation compiler with project's scala-library version: 3.3.7
2026.04.13 22:33:49 INFO  no build target found for C:\Users\akric\OneDrive\Desktop\weather_image_rec\microservice1\src\main\scala\com\weather\extractor\ImageFileScanner.scala. Using presentation compiler with project's scala-library version: 3.3.7
avr. 13, 2026 10:33:49 PM org.eclipse.lsp4j.jsonrpc.RemoteEndpoint handleCancellation
AVERTISSEMENT: Unmatched cancel notification for request id 83
2026.04.13 22:33:49 INFO  no build target found for C:\Users\akric\OneDrive\Desktop\weather_image_rec\microservice1\src\main\scala\com\weather\extractor\ImageFileScanner.scala. Using presentation compiler with project's scala-library version: 3.3.7
2026.04.13 22:33:55 INFO  no build target found for C:\Users\akric\OneDrive\Desktop\weather_image_rec\microservice1\src\main\scala\com\weather\extractor\ImageFileScanner.scala. Using presentation compiler with project's scala-library version: 3.3.7
2026.04.13 22:33:55 INFO  no build target found for C:\Users\akric\OneDrive\Desktop\weather_image_rec\microservice1\src\main\scala\com\weather\transform\ImagePreprocessor.scala. Using presentation compiler with project's scala-library version: 3.3.7
2026.04.13 22:33:55 INFO  no build target found for C:\Users\akric\OneDrive\Desktop\weather_image_rec\microservice1\src\main\scala\com\weather\transform\ImagePreprocessor.scala. Using presentation compiler with project's scala-library version: 3.3.7
2026.04.13 22:33:55 INFO  no build target found for C:\Users\akric\OneDrive\Desktop\weather_image_rec\microservice1\src\main\scala\com\weather\transform\ImagePreprocessor.scala. Using presentation compiler with project's scala-library version: 3.3.7
avr. 13, 2026 10:33:55 PM org.eclipse.lsp4j.jsonrpc.RemoteEndpoint handleCancellation
AVERTISSEMENT: Unmatched cancel notification for request id 91
2026.04.13 22:33:56 INFO  no build target found for C:\Users\akric\OneDrive\Desktop\weather_image_rec\microservice1\src\main\scala\com\weather\transform\ImagePreprocessor.scala. Using presentation compiler with project's scala-library version: 3.3.7
2026.04.13 22:33:56 INFO  no build target found for C:\Users\akric\OneDrive\Desktop\weather_image_rec\microservice1\src\main\scala\com\weather\transform\LabelEncoder.scala. Using presentation compiler with project's scala-library version: 3.3.7
2026.04.13 22:33:56 INFO  no build target found for C:\Users\akric\OneDrive\Desktop\weather_image_rec\microservice1\src\main\scala\com\weather\transform\LabelEncoder.scala. Using presentation compiler with project's scala-library version: 3.3.7
avr. 13, 2026 10:33:56 PM org.eclipse.lsp4j.jsonrpc.RemoteEndpoint handleCancellation
AVERTISSEMENT: Unmatched cancel notification for request id 99
2026.04.13 22:33:56 INFO  no build target found for C:\Users\akric\OneDrive\Desktop\weather_image_rec\microservice1\src\main\scala\com\weather\transform\LabelEncoder.scala. Using presentation compiler with project's scala-library version: 3.3.7
2026.04.13 22:33:59 INFO  no build target found for C:\Users\akric\OneDrive\Desktop\weather_image_rec\microservice1\src\main\scala\com\weather\transform\LabelEncoder.scala. Using presentation compiler with project's scala-library version: 3.3.7
2026.04.13 22:33:59 INFO  no build target found for C:\Users\akric\OneDrive\Desktop\weather_image_rec\microservice1\src\main\scala\com\weather\domain\WeatherImageRecord.scala. Using presentation compiler with project's scala-library version: 3.3.7
avr. 13, 2026 10:33:59 PM org.eclipse.lsp4j.jsonrpc.RemoteEndpoint handleCancellation
AVERTISSEMENT: Unmatched cancel notification for request id 107
2026.04.13 22:33:59 INFO  no build target found for C:\Users\akric\OneDrive\Desktop\weather_image_rec\microservice1\src\main\scala\com\weather\domain\WeatherImageRecord.scala. Using presentation compiler with project's scala-library version: 3.3.7
2026.04.13 22:33:59 INFO  no build target found for C:\Users\akric\OneDrive\Desktop\weather_image_rec\microservice1\src\main\scala\com\weather\domain\WeatherImageRecord.scala. Using presentation compiler with project's scala-library version: 3.3.7
2026.04.13 22:34:04 INFO  no build target found for C:\Users\akric\OneDrive\Desktop\weather_image_rec\microservice1\src\main\scala\com\weather\domain\WeatherImageRecord.scala. Using presentation compiler with project's scala-library version: 3.3.7
avr. 13, 2026 10:34:08 PM org.eclipse.lsp4j.jsonrpc.services.GenericEndpoint notify
INFOS: Unsupported notification method: $/setTrace
2026.04.13 22:34:18 INFO  no build target found for C:\Users\akric\OneDrive\Desktop\weather_image_rec\microservice1\src\main\scala\com\weather\domain\WeatherImageRecord.scala. Using presentation compiler with project's scala-library version: 3.3.7
